2019-04-10 14:43 +08:00: ReferenceError: asdasdasdasdsadsadsad is not defined
2019-04-10 14:43 +08:00:     at D:\express\generalProgram\controllers\control.js:42:17
2019-04-10 14:43 +08:00:     at Object.utils.invokeCallback (D:\express\generalProgram\util\utils.js:17:12)
2019-04-10 14:43 +08:00:     at Query.<anonymous> (D:\express\generalProgram\dao\commonDao.js:53:23)
2019-04-10 14:43 +08:00:     at D:\express\generalProgram\node_modules\kareem\index.js:177:19
2019-04-10 14:43 +08:00:     at D:\express\generalProgram\node_modules\kareem\index.js:109:16
2019-04-10 14:43 +08:00:     at processTicksAndRejections (internal/process/next_tick.js:74:9)
2019-04-10 14:43 +08:00: ReferenceError: asdasdasdasdsadsadsad is not defined
2019-04-10 14:43 +08:00:     at D:\express\generalProgram\controllers\control.js:42:17
2019-04-10 14:43 +08:00:     at Object.utils.invokeCallback (D:\express\generalProgram\util\utils.js:17:12)
2019-04-10 14:43 +08:00:     at Query.<anonymous> (D:\express\generalProgram\dao\commonDao.js:53:23)
2019-04-10 14:43 +08:00:     at D:\express\generalProgram\node_modules\kareem\index.js:177:19
2019-04-10 14:43 +08:00:     at D:\express\generalProgram\node_modules\kareem\index.js:109:16
2019-04-10 14:43 +08:00:     at processTicksAndRejections (internal/process/next_tick.js:74:9)
2019-04-10 14:43 +08:00: ReferenceError: asdasdasdasdsadsadsad is not defined
2019-04-10 14:43 +08:00:     at D:\express\generalProgram\controllers\control.js:42:17
2019-04-10 14:43 +08:00:     at Object.utils.invokeCallback (D:\express\generalProgram\util\utils.js:17:12)
2019-04-10 14:43 +08:00:     at Query.<anonymous> (D:\express\generalProgram\dao\commonDao.js:53:23)
2019-04-10 14:43 +08:00:     at D:\express\generalProgram\node_modules\kareem\index.js:177:19
2019-04-10 14:43 +08:00:     at D:\express\generalProgram\node_modules\kareem\index.js:109:16
2019-04-10 14:43 +08:00:     at processTicksAndRejections (internal/process/next_tick.js:74:9)
2019-04-12 15:38 +08:00: { Error: listen EADDRINUSE: address already in use :::443
2019-04-12 15:38 +08:00:     at Server.setupListenHandle (net.js:1256:14)
2019-04-12 15:38 +08:00:     at Server._listen2 (C:\Users\HJP\AppData\Roaming\npm\node_modules\pm2\node_modules\async-listener\index.js:97:23)
2019-04-12 15:38 +08:00:     at listenInCluster (net.js:1304:12)
2019-04-12 15:38 +08:00:     at Server.listen (net.js:1392:7)
2019-04-12 15:38 +08:00:     at Object.<anonymous> (D:\express\generalProgram\app.js:28:38)
2019-04-12 15:38 +08:00:     at Module._compile (internal/modules/cjs/loader.js:738:30)
2019-04-12 15:38 +08:00:     at Object.Module._extensions..js (internal/modules/cjs/loader.js:749:10)
2019-04-12 15:38 +08:00:     at Module.load (internal/modules/cjs/loader.js:630:32)
2019-04-12 15:38 +08:00:     at tryModuleLoad (internal/modules/cjs/loader.js:570:12)
2019-04-12 15:38 +08:00:     at Function.Module._load (internal/modules/cjs/loader.js:562:3)
2019-04-12 15:38 +08:00:     at Function._load (C:\Users\HJP\AppData\Roaming\npm\node_modules\pm2\node_modules\@pm2\io\build\main\metrics\httpMetrics.js:172:43)
2019-04-12 15:38 +08:00:     at Module.require (internal/modules/cjs/loader.js:667:17)
2019-04-12 15:38 +08:00:     at require (internal/modules/cjs/helpers.js:20:18)
2019-04-12 15:38 +08:00:     at Object.<anonymous> (D:\express\generalProgram\bin\www:7:11)
2019-04-12 15:38 +08:00:     at Module._compile (internal/modules/cjs/loader.js:738:30)
2019-04-12 15:38 +08:00:     at Object.Module._extensions..js (internal/modules/cjs/loader.js:749:10)
2019-04-12 15:38 +08:00:   code: 'EADDRINUSE',
2019-04-12 15:38 +08:00:   errno: 'EADDRINUSE',
2019-04-12 15:38 +08:00:   syscall: 'listen',
2019-04-12 15:38 +08:00:   address: '::',
2019-04-12 15:38 +08:00:   port: 443 }
2019-04-12 15:38 +08:00: { Error: listen EADDRINUSE: address already in use :::443
2019-04-12 15:38 +08:00:     at Server.setupListenHandle (net.js:1256:14)
2019-04-12 15:38 +08:00:     at Server._listen2 (C:\Users\HJP\AppData\Roaming\npm\node_modules\pm2\node_modules\async-listener\index.js:97:23)
2019-04-12 15:38 +08:00:     at listenInCluster (net.js:1304:12)
2019-04-12 15:38 +08:00:     at Server.listen (net.js:1392:7)
2019-04-12 15:38 +08:00:     at Object.<anonymous> (D:\express\generalProgram\app.js:28:38)
2019-04-12 15:38 +08:00:     at Module._compile (internal/modules/cjs/loader.js:738:30)
2019-04-12 15:38 +08:00:     at Object.Module._extensions..js (internal/modules/cjs/loader.js:749:10)
2019-04-12 15:38 +08:00:     at Module.load (internal/modules/cjs/loader.js:630:32)
2019-04-12 15:38 +08:00:     at tryModuleLoad (internal/modules/cjs/loader.js:570:12)
2019-04-12 15:38 +08:00:     at Function.Module._load (internal/modules/cjs/loader.js:562:3)
2019-04-12 15:38 +08:00:     at Function._load (C:\Users\HJP\AppData\Roaming\npm\node_modules\pm2\node_modules\@pm2\io\build\main\metrics\httpMetrics.js:172:43)
2019-04-12 15:38 +08:00:     at Module.require (internal/modules/cjs/loader.js:667:17)
2019-04-12 15:38 +08:00:     at require (internal/modules/cjs/helpers.js:20:18)
2019-04-12 15:38 +08:00:     at Object.<anonymous> (D:\express\generalProgram\bin\www:7:11)
2019-04-12 15:38 +08:00:     at Module._compile (internal/modules/cjs/loader.js:738:30)
2019-04-12 15:38 +08:00:     at Object.Module._extensions..js (internal/modules/cjs/loader.js:749:10)
2019-04-12 15:38 +08:00:   code: 'EADDRINUSE',
2019-04-12 15:38 +08:00:   errno: 'EADDRINUSE',
2019-04-12 15:38 +08:00:   syscall: 'listen',
2019-04-12 15:38 +08:00:   address: '::',
2019-04-12 15:38 +08:00:   port: 443 }
2019-04-12 15:38 +08:00: { Error: listen EADDRINUSE: address already in use :::443
2019-04-12 15:38 +08:00:     at Server.setupListenHandle (net.js:1256:14)
2019-04-12 15:38 +08:00:     at Server._listen2 (C:\Users\HJP\AppData\Roaming\npm\node_modules\pm2\node_modules\async-listener\index.js:97:23)
2019-04-12 15:38 +08:00:     at listenInCluster (net.js:1304:12)
2019-04-12 15:38 +08:00:     at Server.listen (net.js:1392:7)
2019-04-12 15:38 +08:00:     at Object.<anonymous> (D:\express\generalProgram\app.js:28:38)
2019-04-12 15:38 +08:00:     at Module._compile (internal/modules/cjs/loader.js:738:30)
2019-04-12 15:38 +08:00:     at Object.Module._extensions..js (internal/modules/cjs/loader.js:749:10)
2019-04-12 15:38 +08:00:     at Module.load (internal/modules/cjs/loader.js:630:32)
2019-04-12 15:38 +08:00:     at tryModuleLoad (internal/modules/cjs/loader.js:570:12)
2019-04-12 15:38 +08:00:     at Function.Module._load (internal/modules/cjs/loader.js:562:3)
2019-04-12 15:38 +08:00:     at Function._load (C:\Users\HJP\AppData\Roaming\npm\node_modules\pm2\node_modules\@pm2\io\build\main\metrics\httpMetrics.js:172:43)
2019-04-12 15:38 +08:00:     at Module.require (internal/modules/cjs/loader.js:667:17)
2019-04-12 15:38 +08:00:     at require (internal/modules/cjs/helpers.js:20:18)
2019-04-12 15:38 +08:00:     at Object.<anonymous> (D:\express\generalProgram\bin\www:7:11)
2019-04-12 15:38 +08:00:     at Module._compile (internal/modules/cjs/loader.js:738:30)
2019-04-12 15:38 +08:00:     at Object.Module._extensions..js (internal/modules/cjs/loader.js:749:10)
2019-04-12 15:38 +08:00:   code: 'EADDRINUSE',
2019-04-12 15:38 +08:00:   errno: 'EADDRINUSE',
2019-04-12 15:38 +08:00:   syscall: 'listen',
2019-04-12 15:38 +08:00:   address: '::',
2019-04-12 15:38 +08:00:   port: 443 }
2019-04-12 15:38 +08:00: { Error: listen EADDRINUSE: address already in use :::443
2019-04-12 15:38 +08:00:     at Server.setupListenHandle (net.js:1256:14)
2019-04-12 15:38 +08:00:     at Server._listen2 (C:\Users\HJP\AppData\Roaming\npm\node_modules\pm2\node_modules\async-listener\index.js:97:23)
2019-04-12 15:38 +08:00:     at listenInCluster (net.js:1304:12)
2019-04-12 15:38 +08:00:     at Server.listen (net.js:1392:7)
2019-04-12 15:38 +08:00:     at Object.<anonymous> (D:\express\generalProgram\app.js:28:38)
2019-04-12 15:38 +08:00:     at Module._compile (internal/modules/cjs/loader.js:738:30)
2019-04-12 15:38 +08:00:     at Object.Module._extensions..js (internal/modules/cjs/loader.js:749:10)
2019-04-12 15:38 +08:00:     at Module.load (internal/modules/cjs/loader.js:630:32)
2019-04-12 15:38 +08:00:     at tryModuleLoad (internal/modules/cjs/loader.js:570:12)
2019-04-12 15:38 +08:00:     at Function.Module._load (internal/modules/cjs/loader.js:562:3)
2019-04-12 15:38 +08:00:     at Function._load (C:\Users\HJP\AppData\Roaming\npm\node_modules\pm2\node_modules\@pm2\io\build\main\metrics\httpMetrics.js:172:43)
2019-04-12 15:38 +08:00:     at Module.require (internal/modules/cjs/loader.js:667:17)
2019-04-12 15:38 +08:00:     at require (internal/modules/cjs/helpers.js:20:18)
2019-04-12 15:38 +08:00:     at Object.<anonymous> (D:\express\generalProgram\bin\www:7:11)
2019-04-12 15:38 +08:00:     at Module._compile (internal/modules/cjs/loader.js:738:30)
2019-04-12 15:38 +08:00:     at Object.Module._extensions..js (internal/modules/cjs/loader.js:749:10)
2019-04-12 15:38 +08:00:   code: 'EADDRINUSE',
2019-04-12 15:38 +08:00:   errno: 'EADDRINUSE',
2019-04-12 15:38 +08:00:   syscall: 'listen',
2019-04-12 15:38 +08:00:   address: '::',
2019-04-12 15:38 +08:00:   port: 443 }
2019-04-12 15:38 +08:00: { Error: listen EADDRINUSE: address already in use :::443
2019-04-12 15:38 +08:00:     at Server.setupListenHandle (net.js:1256:14)
2019-04-12 15:38 +08:00:     at Server._listen2 (C:\Users\HJP\AppData\Roaming\npm\node_modules\pm2\node_modules\async-listener\index.js:97:23)
2019-04-12 15:38 +08:00:     at listenInCluster (net.js:1304:12)
2019-04-12 15:38 +08:00:     at Server.listen (net.js:1392:7)
2019-04-12 15:38 +08:00:     at Object.<anonymous> (D:\express\generalProgram\app.js:28:38)
2019-04-12 15:38 +08:00:     at Module._compile (internal/modules/cjs/loader.js:738:30)
2019-04-12 15:38 +08:00:     at Object.Module._extensions..js (internal/modules/cjs/loader.js:749:10)
2019-04-12 15:38 +08:00:     at Module.load (internal/modules/cjs/loader.js:630:32)
2019-04-12 15:38 +08:00:     at tryModuleLoad (internal/modules/cjs/loader.js:570:12)
2019-04-12 15:38 +08:00:     at Function.Module._load (internal/modules/cjs/loader.js:562:3)
2019-04-12 15:38 +08:00:     at Function._load (C:\Users\HJP\AppData\Roaming\npm\node_modules\pm2\node_modules\@pm2\io\build\main\metrics\httpMetrics.js:172:43)
2019-04-12 15:38 +08:00:     at Module.require (internal/modules/cjs/loader.js:667:17)
2019-04-12 15:38 +08:00:     at require (internal/modules/cjs/helpers.js:20:18)
2019-04-12 15:38 +08:00:     at Object.<anonymous> (D:\express\generalProgram\bin\www:7:11)
2019-04-12 15:38 +08:00:     at Module._compile (internal/modules/cjs/loader.js:738:30)
2019-04-12 15:38 +08:00:     at Object.Module._extensions..js (internal/modules/cjs/loader.js:749:10)
2019-04-12 15:38 +08:00:   code: 'EADDRINUSE',
2019-04-12 15:38 +08:00:   errno: 'EADDRINUSE',
2019-04-12 15:38 +08:00:   syscall: 'listen',
2019-04-12 15:38 +08:00:   address: '::',
2019-04-12 15:38 +08:00:   port: 443 }
2019-04-12 15:38 +08:00: { Error: listen EADDRINUSE: address already in use :::443
2019-04-12 15:38 +08:00:     at Server.setupListenHandle (net.js:1256:14)
2019-04-12 15:38 +08:00:     at Server._listen2 (C:\Users\HJP\AppData\Roaming\npm\node_modules\pm2\node_modules\async-listener\index.js:97:23)
2019-04-12 15:38 +08:00:     at listenInCluster (net.js:1304:12)
2019-04-12 15:38 +08:00:     at Server.listen (net.js:1392:7)
2019-04-12 15:38 +08:00:     at Object.<anonymous> (D:\express\generalProgram\app.js:28:38)
2019-04-12 15:38 +08:00:     at Module._compile (internal/modules/cjs/loader.js:738:30)
2019-04-12 15:38 +08:00:     at Object.Module._extensions..js (internal/modules/cjs/loader.js:749:10)
2019-04-12 15:38 +08:00:     at Module.load (internal/modules/cjs/loader.js:630:32)
2019-04-12 15:38 +08:00:     at tryModuleLoad (internal/modules/cjs/loader.js:570:12)
2019-04-12 15:38 +08:00:     at Function.Module._load (internal/modules/cjs/loader.js:562:3)
2019-04-12 15:38 +08:00:     at Function._load (C:\Users\HJP\AppData\Roaming\npm\node_modules\pm2\node_modules\@pm2\io\build\main\metrics\httpMetrics.js:172:43)
2019-04-12 15:38 +08:00:     at Module.require (internal/modules/cjs/loader.js:667:17)
2019-04-12 15:38 +08:00:     at require (internal/modules/cjs/helpers.js:20:18)
2019-04-12 15:38 +08:00:     at Object.<anonymous> (D:\express\generalProgram\bin\www:7:11)
2019-04-12 15:38 +08:00:     at Module._compile (internal/modules/cjs/loader.js:738:30)
2019-04-12 15:38 +08:00:     at Object.Module._extensions..js (internal/modules/cjs/loader.js:749:10)
2019-04-12 15:38 +08:00:   code: 'EADDRINUSE',
2019-04-12 15:38 +08:00:   errno: 'EADDRINUSE',
2019-04-12 15:38 +08:00:   syscall: 'listen',
2019-04-12 15:38 +08:00:   address: '::',
2019-04-12 15:38 +08:00:   port: 443 }
2019-04-12 15:38 +08:00: { Error: listen EADDRINUSE: address already in use :::443
2019-04-12 15:38 +08:00:     at Server.setupListenHandle (net.js:1256:14)
2019-04-12 15:38 +08:00:     at Server._listen2 (C:\Users\HJP\AppData\Roaming\npm\node_modules\pm2\node_modules\async-listener\index.js:97:23)
2019-04-12 15:38 +08:00:     at listenInCluster (net.js:1304:12)
2019-04-12 15:38 +08:00:     at Server.listen (net.js:1392:7)
2019-04-12 15:38 +08:00:     at Object.<anonymous> (D:\express\generalProgram\app.js:28:38)
2019-04-12 15:38 +08:00:     at Module._compile (internal/modules/cjs/loader.js:738:30)
2019-04-12 15:38 +08:00:     at Object.Module._extensions..js (internal/modules/cjs/loader.js:749:10)
2019-04-12 15:38 +08:00:     at Module.load (internal/modules/cjs/loader.js:630:32)
2019-04-12 15:38 +08:00:     at tryModuleLoad (internal/modules/cjs/loader.js:570:12)
2019-04-12 15:38 +08:00:     at Function.Module._load (internal/modules/cjs/loader.js:562:3)
2019-04-12 15:38 +08:00:     at Function._load (C:\Users\HJP\AppData\Roaming\npm\node_modules\pm2\node_modules\@pm2\io\build\main\metrics\httpMetrics.js:172:43)
2019-04-12 15:38 +08:00:     at Module.require (internal/modules/cjs/loader.js:667:17)
2019-04-12 15:38 +08:00:     at require (internal/modules/cjs/helpers.js:20:18)
2019-04-12 15:38 +08:00:     at Object.<anonymous> (D:\express\generalProgram\bin\www:7:11)
2019-04-12 15:38 +08:00:     at Module._compile (internal/modules/cjs/loader.js:738:30)
2019-04-12 15:38 +08:00:     at Object.Module._extensions..js (internal/modules/cjs/loader.js:749:10)
2019-04-12 15:38 +08:00:   code: 'EADDRINUSE',
2019-04-12 15:38 +08:00:   errno: 'EADDRINUSE',
2019-04-12 15:38 +08:00:   syscall: 'listen',
2019-04-12 15:38 +08:00:   address: '::',
2019-04-12 15:38 +08:00:   port: 443 }
2019-04-12 15:38 +08:00: { Error: listen EADDRINUSE: address already in use :::443
2019-04-12 15:38 +08:00:     at Server.setupListenHandle (net.js:1256:14)
2019-04-12 15:38 +08:00:     at Server._listen2 (C:\Users\HJP\AppData\Roaming\npm\node_modules\pm2\node_modules\async-listener\index.js:97:23)
2019-04-12 15:38 +08:00:     at listenInCluster (net.js:1304:12)
2019-04-12 15:38 +08:00:     at Server.listen (net.js:1392:7)
2019-04-12 15:38 +08:00:     at Object.<anonymous> (D:\express\generalProgram\app.js:28:38)
2019-04-12 15:38 +08:00:     at Module._compile (internal/modules/cjs/loader.js:738:30)
2019-04-12 15:38 +08:00:     at Object.Module._extensions..js (internal/modules/cjs/loader.js:749:10)
2019-04-12 15:38 +08:00:     at Module.load (internal/modules/cjs/loader.js:630:32)
2019-04-12 15:38 +08:00:     at tryModuleLoad (internal/modules/cjs/loader.js:570:12)
2019-04-12 15:38 +08:00:     at Function.Module._load (internal/modules/cjs/loader.js:562:3)
2019-04-12 15:38 +08:00:     at Function._load (C:\Users\HJP\AppData\Roaming\npm\node_modules\pm2\node_modules\@pm2\io\build\main\metrics\httpMetrics.js:172:43)
2019-04-12 15:38 +08:00:     at Module.require (internal/modules/cjs/loader.js:667:17)
2019-04-12 15:38 +08:00:     at require (internal/modules/cjs/helpers.js:20:18)
2019-04-12 15:38 +08:00:     at Object.<anonymous> (D:\express\generalProgram\bin\www:7:11)
2019-04-12 15:38 +08:00:     at Module._compile (internal/modules/cjs/loader.js:738:30)
2019-04-12 15:38 +08:00:     at Object.Module._extensions..js (internal/modules/cjs/loader.js:749:10)
2019-04-12 15:38 +08:00:   code: 'EADDRINUSE',
2019-04-12 15:38 +08:00:   errno: 'EADDRINUSE',
2019-04-12 15:38 +08:00:   syscall: 'listen',
2019-04-12 15:38 +08:00:   address: '::',
2019-04-12 15:38 +08:00:   port: 443 }
2019-04-12 15:38 +08:00: { Error: listen EADDRINUSE: address already in use :::443
2019-04-12 15:38 +08:00:     at Server.setupListenHandle (net.js:1256:14)
2019-04-12 15:38 +08:00:     at Server._listen2 (C:\Users\HJP\AppData\Roaming\npm\node_modules\pm2\node_modules\async-listener\index.js:97:23)
2019-04-12 15:38 +08:00:     at listenInCluster (net.js:1304:12)
2019-04-12 15:38 +08:00:     at Server.listen (net.js:1392:7)
2019-04-12 15:38 +08:00:     at Object.<anonymous> (D:\express\generalProgram\app.js:28:38)
2019-04-12 15:38 +08:00:     at Module._compile (internal/modules/cjs/loader.js:738:30)
2019-04-12 15:38 +08:00:     at Object.Module._extensions..js (internal/modules/cjs/loader.js:749:10)
2019-04-12 15:38 +08:00:     at Module.load (internal/modules/cjs/loader.js:630:32)
2019-04-12 15:38 +08:00:     at tryModuleLoad (internal/modules/cjs/loader.js:570:12)
2019-04-12 15:38 +08:00:     at Function.Module._load (internal/modules/cjs/loader.js:562:3)
2019-04-12 15:38 +08:00:     at Function._load (C:\Users\HJP\AppData\Roaming\npm\node_modules\pm2\node_modules\@pm2\io\build\main\metrics\httpMetrics.js:172:43)
2019-04-12 15:38 +08:00:     at Module.require (internal/modules/cjs/loader.js:667:17)
2019-04-12 15:38 +08:00:     at require (internal/modules/cjs/helpers.js:20:18)
2019-04-12 15:38 +08:00:     at Object.<anonymous> (D:\express\generalProgram\bin\www:7:11)
2019-04-12 15:38 +08:00:     at Module._compile (internal/modules/cjs/loader.js:738:30)
2019-04-12 15:38 +08:00:     at Object.Module._extensions..js (internal/modules/cjs/loader.js:749:10)
2019-04-12 15:38 +08:00:   code: 'EADDRINUSE',
2019-04-12 15:38 +08:00:   errno: 'EADDRINUSE',
2019-04-12 15:38 +08:00:   syscall: 'listen',
2019-04-12 15:38 +08:00:   address: '::',
2019-04-12 15:38 +08:00:   port: 443 }
2019-04-12 15:38 +08:00: { Error: listen EADDRINUSE: address already in use :::443
2019-04-12 15:38 +08:00:     at Server.setupListenHandle (net.js:1256:14)
2019-04-12 15:38 +08:00:     at Server._listen2 (C:\Users\HJP\AppData\Roaming\npm\node_modules\pm2\node_modules\async-listener\index.js:97:23)
2019-04-12 15:38 +08:00:     at listenInCluster (net.js:1304:12)
2019-04-12 15:38 +08:00:     at Server.listen (net.js:1392:7)
2019-04-12 15:38 +08:00:     at Object.<anonymous> (D:\express\generalProgram\app.js:28:38)
2019-04-12 15:38 +08:00:     at Module._compile (internal/modules/cjs/loader.js:738:30)
2019-04-12 15:38 +08:00:     at Object.Module._extensions..js (internal/modules/cjs/loader.js:749:10)
2019-04-12 15:38 +08:00:     at Module.load (internal/modules/cjs/loader.js:630:32)
2019-04-12 15:38 +08:00:     at tryModuleLoad (internal/modules/cjs/loader.js:570:12)
2019-04-12 15:38 +08:00:     at Function.Module._load (internal/modules/cjs/loader.js:562:3)
2019-04-12 15:38 +08:00:     at Function._load (C:\Users\HJP\AppData\Roaming\npm\node_modules\pm2\node_modules\@pm2\io\build\main\metrics\httpMetrics.js:172:43)
2019-04-12 15:38 +08:00:     at Module.require (internal/modules/cjs/loader.js:667:17)
2019-04-12 15:38 +08:00:     at require (internal/modules/cjs/helpers.js:20:18)
2019-04-12 15:38 +08:00:     at Object.<anonymous> (D:\express\generalProgram\bin\www:7:11)
2019-04-12 15:38 +08:00:     at Module._compile (internal/modules/cjs/loader.js:738:30)
2019-04-12 15:38 +08:00:     at Object.Module._extensions..js (internal/modules/cjs/loader.js:749:10)
2019-04-12 15:38 +08:00:   code: 'EADDRINUSE',
2019-04-12 15:38 +08:00:   errno: 'EADDRINUSE',
2019-04-12 15:38 +08:00:   syscall: 'listen',
2019-04-12 15:38 +08:00:   address: '::',
2019-04-12 15:38 +08:00:   port: 443 }
2019-04-17 14:22 +08:00: { Error: listen EADDRINUSE: address already in use :::443
2019-04-17 14:22 +08:00:     at Server.setupListenHandle (net.js:1256:14)
2019-04-17 14:22 +08:00:     at Server._listen2 (C:\Users\HJP\AppData\Roaming\npm\node_modules\pm2\node_modules\async-listener\index.js:97:23)
2019-04-17 14:22 +08:00:     at listenInCluster (net.js:1304:12)
2019-04-17 14:22 +08:00:     at Server.listen (net.js:1392:7)
2019-04-17 14:22 +08:00:     at Object.<anonymous> (D:\express\generalProgram\app.js:28:38)
2019-04-17 14:22 +08:00:     at Module._compile (internal/modules/cjs/loader.js:738:30)
2019-04-17 14:22 +08:00:     at Object.Module._extensions..js (internal/modules/cjs/loader.js:749:10)
2019-04-17 14:22 +08:00:     at Module.load (internal/modules/cjs/loader.js:630:32)
2019-04-17 14:22 +08:00:     at tryModuleLoad (internal/modules/cjs/loader.js:570:12)
2019-04-17 14:22 +08:00:     at Function.Module._load (internal/modules/cjs/loader.js:562:3)
2019-04-17 14:22 +08:00:     at Function._load (C:\Users\HJP\AppData\Roaming\npm\node_modules\pm2\node_modules\@pm2\io\build\main\metrics\httpMetrics.js:172:43)
2019-04-17 14:22 +08:00:     at Module.require (internal/modules/cjs/loader.js:667:17)
2019-04-17 14:22 +08:00:     at require (internal/modules/cjs/helpers.js:20:18)
2019-04-17 14:22 +08:00:     at Object.<anonymous> (D:\express\generalProgram\bin\www:7:11)
2019-04-17 14:22 +08:00:     at Module._compile (internal/modules/cjs/loader.js:738:30)
2019-04-17 14:22 +08:00:     at Object.Module._extensions..js (internal/modules/cjs/loader.js:749:10)
2019-04-17 14:22 +08:00:   code: 'EADDRINUSE',
2019-04-17 14:22 +08:00:   errno: 'EADDRINUSE',
2019-04-17 14:22 +08:00:   syscall: 'listen',
2019-04-17 14:22 +08:00:   address: '::',
2019-04-17 14:22 +08:00:   port: 443 }
2019-04-17 14:22 +08:00: { Error: listen EADDRINUSE: address already in use :::443
2019-04-17 14:22 +08:00:     at Server.setupListenHandle (net.js:1256:14)
2019-04-17 14:22 +08:00:     at Server._listen2 (C:\Users\HJP\AppData\Roaming\npm\node_modules\pm2\node_modules\async-listener\index.js:97:23)
2019-04-17 14:22 +08:00:     at listenInCluster (net.js:1304:12)
2019-04-17 14:22 +08:00:     at Server.listen (net.js:1392:7)
2019-04-17 14:22 +08:00:     at Object.<anonymous> (D:\express\generalProgram\app.js:28:38)
2019-04-17 14:22 +08:00:     at Module._compile (internal/modules/cjs/loader.js:738:30)
2019-04-17 14:22 +08:00:     at Object.Module._extensions..js (internal/modules/cjs/loader.js:749:10)
2019-04-17 14:22 +08:00:     at Module.load (internal/modules/cjs/loader.js:630:32)
2019-04-17 14:22 +08:00:     at tryModuleLoad (internal/modules/cjs/loader.js:570:12)
2019-04-17 14:22 +08:00:     at Function.Module._load (internal/modules/cjs/loader.js:562:3)
2019-04-17 14:22 +08:00:     at Function._load (C:\Users\HJP\AppData\Roaming\npm\node_modules\pm2\node_modules\@pm2\io\build\main\metrics\httpMetrics.js:172:43)
2019-04-17 14:22 +08:00:     at Module.require (internal/modules/cjs/loader.js:667:17)
2019-04-17 14:22 +08:00:     at require (internal/modules/cjs/helpers.js:20:18)
2019-04-17 14:22 +08:00:     at Object.<anonymous> (D:\express\generalProgram\bin\www:7:11)
2019-04-17 14:22 +08:00:     at Module._compile (internal/modules/cjs/loader.js:738:30)
2019-04-17 14:22 +08:00:     at Object.Module._extensions..js (internal/modules/cjs/loader.js:749:10)
2019-04-17 14:22 +08:00:   code: 'EADDRINUSE',
2019-04-17 14:22 +08:00:   errno: 'EADDRINUSE',
2019-04-17 14:22 +08:00:   syscall: 'listen',
2019-04-17 14:22 +08:00:   address: '::',
2019-04-17 14:22 +08:00:   port: 443 }
2019-04-17 14:22 +08:00: { Error: listen EADDRINUSE: address already in use :::443
2019-04-17 14:22 +08:00:     at Server.setupListenHandle (net.js:1256:14)
2019-04-17 14:22 +08:00:     at Server._listen2 (C:\Users\HJP\AppData\Roaming\npm\node_modules\pm2\node_modules\async-listener\index.js:97:23)
2019-04-17 14:22 +08:00:     at listenInCluster (net.js:1304:12)
2019-04-17 14:22 +08:00:     at Server.listen (net.js:1392:7)
2019-04-17 14:22 +08:00:     at Object.<anonymous> (D:\express\generalProgram\app.js:28:38)
2019-04-17 14:22 +08:00:     at Module._compile (internal/modules/cjs/loader.js:738:30)
2019-04-17 14:22 +08:00:     at Object.Module._extensions..js (internal/modules/cjs/loader.js:749:10)
2019-04-17 14:22 +08:00:     at Module.load (internal/modules/cjs/loader.js:630:32)
2019-04-17 14:22 +08:00:     at tryModuleLoad (internal/modules/cjs/loader.js:570:12)
2019-04-17 14:22 +08:00:     at Function.Module._load (internal/modules/cjs/loader.js:562:3)
2019-04-17 14:22 +08:00:     at Function._load (C:\Users\HJP\AppData\Roaming\npm\node_modules\pm2\node_modules\@pm2\io\build\main\metrics\httpMetrics.js:172:43)
2019-04-17 14:22 +08:00:     at Module.require (internal/modules/cjs/loader.js:667:17)
2019-04-17 14:22 +08:00:     at require (internal/modules/cjs/helpers.js:20:18)
2019-04-17 14:22 +08:00:     at Object.<anonymous> (D:\express\generalProgram\bin\www:7:11)
2019-04-17 14:22 +08:00:     at Module._compile (internal/modules/cjs/loader.js:738:30)
2019-04-17 14:22 +08:00:     at Object.Module._extensions..js (internal/modules/cjs/loader.js:749:10)
2019-04-17 14:22 +08:00:   code: 'EADDRINUSE',
2019-04-17 14:22 +08:00:   errno: 'EADDRINUSE',
2019-04-17 14:22 +08:00:   syscall: 'listen',
2019-04-17 14:22 +08:00:   address: '::',
2019-04-17 14:22 +08:00:   port: 443 }
2019-04-17 14:22 +08:00: { Error: listen EADDRINUSE: address already in use :::443
2019-04-17 14:22 +08:00:     at Server.setupListenHandle (net.js:1256:14)
2019-04-17 14:22 +08:00:     at Server._listen2 (C:\Users\HJP\AppData\Roaming\npm\node_modules\pm2\node_modules\async-listener\index.js:97:23)
2019-04-17 14:22 +08:00:     at listenInCluster (net.js:1304:12)
2019-04-17 14:22 +08:00:     at Server.listen (net.js:1392:7)
2019-04-17 14:22 +08:00:     at Object.<anonymous> (D:\express\generalProgram\app.js:28:38)
2019-04-17 14:22 +08:00:     at Module._compile (internal/modules/cjs/loader.js:738:30)
2019-04-17 14:22 +08:00:     at Object.Module._extensions..js (internal/modules/cjs/loader.js:749:10)
2019-04-17 14:22 +08:00:     at Module.load (internal/modules/cjs/loader.js:630:32)
2019-04-17 14:22 +08:00:     at tryModuleLoad (internal/modules/cjs/loader.js:570:12)
2019-04-17 14:22 +08:00:     at Function.Module._load (internal/modules/cjs/loader.js:562:3)
2019-04-17 14:22 +08:00:     at Function._load (C:\Users\HJP\AppData\Roaming\npm\node_modules\pm2\node_modules\@pm2\io\build\main\metrics\httpMetrics.js:172:43)
2019-04-17 14:22 +08:00:     at Module.require (internal/modules/cjs/loader.js:667:17)
2019-04-17 14:22 +08:00:     at require (internal/modules/cjs/helpers.js:20:18)
2019-04-17 14:22 +08:00:     at Object.<anonymous> (D:\express\generalProgram\bin\www:7:11)
2019-04-17 14:22 +08:00:     at Module._compile (internal/modules/cjs/loader.js:738:30)
2019-04-17 14:22 +08:00:     at Object.Module._extensions..js (internal/modules/cjs/loader.js:749:10)
2019-04-17 14:22 +08:00:   code: 'EADDRINUSE',
2019-04-17 14:22 +08:00:   errno: 'EADDRINUSE',
2019-04-17 14:22 +08:00:   syscall: 'listen',
2019-04-17 14:22 +08:00:   address: '::',
2019-04-17 14:22 +08:00:   port: 443 }
2019-04-17 14:22 +08:00: { Error: listen EADDRINUSE: address already in use :::443
2019-04-17 14:22 +08:00:     at Server.setupListenHandle (net.js:1256:14)
2019-04-17 14:22 +08:00:     at Server._listen2 (C:\Users\HJP\AppData\Roaming\npm\node_modules\pm2\node_modules\async-listener\index.js:97:23)
2019-04-17 14:22 +08:00:     at listenInCluster (net.js:1304:12)
2019-04-17 14:22 +08:00:     at Server.listen (net.js:1392:7)
2019-04-17 14:22 +08:00:     at Object.<anonymous> (D:\express\generalProgram\app.js:28:38)
2019-04-17 14:22 +08:00:     at Module._compile (internal/modules/cjs/loader.js:738:30)
2019-04-17 14:22 +08:00:     at Object.Module._extensions..js (internal/modules/cjs/loader.js:749:10)
2019-04-17 14:22 +08:00:     at Module.load (internal/modules/cjs/loader.js:630:32)
2019-04-17 14:22 +08:00:     at tryModuleLoad (internal/modules/cjs/loader.js:570:12)
2019-04-17 14:22 +08:00:     at Function.Module._load (internal/modules/cjs/loader.js:562:3)
2019-04-17 14:22 +08:00:     at Function._load (C:\Users\HJP\AppData\Roaming\npm\node_modules\pm2\node_modules\@pm2\io\build\main\metrics\httpMetrics.js:172:43)
2019-04-17 14:22 +08:00:     at Module.require (internal/modules/cjs/loader.js:667:17)
2019-04-17 14:22 +08:00:     at require (internal/modules/cjs/helpers.js:20:18)
2019-04-17 14:22 +08:00:     at Object.<anonymous> (D:\express\generalProgram\bin\www:7:11)
2019-04-17 14:22 +08:00:     at Module._compile (internal/modules/cjs/loader.js:738:30)
2019-04-17 14:22 +08:00:     at Object.Module._extensions..js (internal/modules/cjs/loader.js:749:10)
2019-04-17 14:22 +08:00:   code: 'EADDRINUSE',
2019-04-17 14:22 +08:00:   errno: 'EADDRINUSE',
2019-04-17 14:22 +08:00:   syscall: 'listen',
2019-04-17 14:22 +08:00:   address: '::',
2019-04-17 14:22 +08:00:   port: 443 }
2019-04-17 14:27 +08:00: { Error: listen EADDRINUSE: address already in use :::443
2019-04-17 14:27 +08:00:     at Server.setupListenHandle (net.js:1256:14)
2019-04-17 14:27 +08:00:     at Server._listen2 (C:\Users\HJP\AppData\Roaming\npm\node_modules\pm2\node_modules\async-listener\index.js:97:23)
2019-04-17 14:27 +08:00:     at listenInCluster (net.js:1304:12)
2019-04-17 14:27 +08:00:     at Server.listen (net.js:1392:7)
2019-04-17 14:27 +08:00:     at Object.<anonymous> (D:\express\generalProgram\app.js:28:38)
2019-04-17 14:27 +08:00:     at Module._compile (internal/modules/cjs/loader.js:738:30)
2019-04-17 14:27 +08:00:     at Object.Module._extensions..js (internal/modules/cjs/loader.js:749:10)
2019-04-17 14:27 +08:00:     at Module.load (internal/modules/cjs/loader.js:630:32)
2019-04-17 14:27 +08:00:     at tryModuleLoad (internal/modules/cjs/loader.js:570:12)
2019-04-17 14:27 +08:00:     at Function.Module._load (internal/modules/cjs/loader.js:562:3)
2019-04-17 14:27 +08:00:     at Function._load (C:\Users\HJP\AppData\Roaming\npm\node_modules\pm2\node_modules\@pm2\io\build\main\metrics\httpMetrics.js:172:43)
2019-04-17 14:27 +08:00:     at Module.require (internal/modules/cjs/loader.js:667:17)
2019-04-17 14:27 +08:00:     at require (internal/modules/cjs/helpers.js:20:18)
2019-04-17 14:27 +08:00:     at Object.<anonymous> (D:\express\generalProgram\bin\www:7:11)
2019-04-17 14:27 +08:00:     at Module._compile (internal/modules/cjs/loader.js:738:30)
2019-04-17 14:27 +08:00:     at Object.Module._extensions..js (internal/modules/cjs/loader.js:749:10)
2019-04-17 14:27 +08:00:   code: 'EADDRINUSE',
2019-04-17 14:27 +08:00:   errno: 'EADDRINUSE',
2019-04-17 14:27 +08:00:   syscall: 'listen',
2019-04-17 14:27 +08:00:   address: '::',
2019-04-17 14:27 +08:00:   port: 443 }
2019-04-17 14:27 +08:00: { Error: listen EADDRINUSE: address already in use :::443
2019-04-17 14:27 +08:00:     at Server.setupListenHandle (net.js:1256:14)
2019-04-17 14:27 +08:00:     at Server._listen2 (C:\Users\HJP\AppData\Roaming\npm\node_modules\pm2\node_modules\async-listener\index.js:97:23)
2019-04-17 14:27 +08:00:     at listenInCluster (net.js:1304:12)
2019-04-17 14:27 +08:00:     at Server.listen (net.js:1392:7)
2019-04-17 14:27 +08:00:     at Object.<anonymous> (D:\express\generalProgram\app.js:28:38)
2019-04-17 14:27 +08:00:     at Module._compile (internal/modules/cjs/loader.js:738:30)
2019-04-17 14:27 +08:00:     at Object.Module._extensions..js (internal/modules/cjs/loader.js:749:10)
2019-04-17 14:27 +08:00:     at Module.load (internal/modules/cjs/loader.js:630:32)
2019-04-17 14:27 +08:00:     at tryModuleLoad (internal/modules/cjs/loader.js:570:12)
2019-04-17 14:27 +08:00:     at Function.Module._load (internal/modules/cjs/loader.js:562:3)
2019-04-17 14:27 +08:00:     at Function._load (C:\Users\HJP\AppData\Roaming\npm\node_modules\pm2\node_modules\@pm2\io\build\main\metrics\httpMetrics.js:172:43)
2019-04-17 14:27 +08:00:     at Module.require (internal/modules/cjs/loader.js:667:17)
2019-04-17 14:27 +08:00:     at require (internal/modules/cjs/helpers.js:20:18)
2019-04-17 14:27 +08:00:     at Object.<anonymous> (D:\express\generalProgram\bin\www:7:11)
2019-04-17 14:27 +08:00:     at Module._compile (internal/modules/cjs/loader.js:738:30)
2019-04-17 14:27 +08:00:     at Object.Module._extensions..js (internal/modules/cjs/loader.js:749:10)
2019-04-17 14:27 +08:00:   code: 'EADDRINUSE',
2019-04-17 14:27 +08:00:   errno: 'EADDRINUSE',
2019-04-17 14:27 +08:00:   syscall: 'listen',
2019-04-17 14:27 +08:00:   address: '::',
2019-04-17 14:27 +08:00:   port: 443 }
2019-04-17 14:27 +08:00: { Error: listen EADDRINUSE: address already in use :::443
2019-04-17 14:27 +08:00:     at Server.setupListenHandle (net.js:1256:14)
2019-04-17 14:27 +08:00:     at Server._listen2 (C:\Users\HJP\AppData\Roaming\npm\node_modules\pm2\node_modules\async-listener\index.js:97:23)
2019-04-17 14:27 +08:00:     at listenInCluster (net.js:1304:12)
2019-04-17 14:27 +08:00:     at Server.listen (net.js:1392:7)
2019-04-17 14:27 +08:00:     at Object.<anonymous> (D:\express\generalProgram\app.js:28:38)
2019-04-17 14:27 +08:00:     at Module._compile (internal/modules/cjs/loader.js:738:30)
2019-04-17 14:27 +08:00:     at Object.Module._extensions..js (internal/modules/cjs/loader.js:749:10)
2019-04-17 14:27 +08:00:     at Module.load (internal/modules/cjs/loader.js:630:32)
2019-04-17 14:27 +08:00:     at tryModuleLoad (internal/modules/cjs/loader.js:570:12)
2019-04-17 14:27 +08:00:     at Function.Module._load (internal/modules/cjs/loader.js:562:3)
2019-04-17 14:27 +08:00:     at Function._load (C:\Users\HJP\AppData\Roaming\npm\node_modules\pm2\node_modules\@pm2\io\build\main\metrics\httpMetrics.js:172:43)
2019-04-17 14:27 +08:00:     at Module.require (internal/modules/cjs/loader.js:667:17)
2019-04-17 14:27 +08:00:     at require (internal/modules/cjs/helpers.js:20:18)
2019-04-17 14:27 +08:00:     at Object.<anonymous> (D:\express\generalProgram\bin\www:7:11)
2019-04-17 14:27 +08:00:     at Module._compile (internal/modules/cjs/loader.js:738:30)
2019-04-17 14:27 +08:00:     at Object.Module._extensions..js (internal/modules/cjs/loader.js:749:10)
2019-04-17 14:27 +08:00:   code: 'EADDRINUSE',
2019-04-17 14:27 +08:00:   errno: 'EADDRINUSE',
2019-04-17 14:27 +08:00:   syscall: 'listen',
2019-04-17 14:27 +08:00:   address: '::',
2019-04-17 14:27 +08:00:   port: 443 }
2019-04-17 14:27 +08:00: { Error: listen EADDRINUSE: address already in use :::443
2019-04-17 14:27 +08:00:     at Server.setupListenHandle (net.js:1256:14)
2019-04-17 14:27 +08:00:     at Server._listen2 (C:\Users\HJP\AppData\Roaming\npm\node_modules\pm2\node_modules\async-listener\index.js:97:23)
2019-04-17 14:27 +08:00:     at listenInCluster (net.js:1304:12)
2019-04-17 14:27 +08:00:     at Server.listen (net.js:1392:7)
2019-04-17 14:27 +08:00:     at Object.<anonymous> (D:\express\generalProgram\app.js:28:38)
2019-04-17 14:27 +08:00:     at Module._compile (internal/modules/cjs/loader.js:738:30)
2019-04-17 14:27 +08:00:     at Object.Module._extensions..js (internal/modules/cjs/loader.js:749:10)
2019-04-17 14:27 +08:00:     at Module.load (internal/modules/cjs/loader.js:630:32)
2019-04-17 14:27 +08:00:     at tryModuleLoad (internal/modules/cjs/loader.js:570:12)
2019-04-17 14:27 +08:00:     at Function.Module._load (internal/modules/cjs/loader.js:562:3)
2019-04-17 14:27 +08:00:     at Function._load (C:\Users\HJP\AppData\Roaming\npm\node_modules\pm2\node_modules\@pm2\io\build\main\metrics\httpMetrics.js:172:43)
2019-04-17 14:27 +08:00:     at Module.require (internal/modules/cjs/loader.js:667:17)
2019-04-17 14:27 +08:00:     at require (internal/modules/cjs/helpers.js:20:18)
2019-04-17 14:27 +08:00:     at Object.<anonymous> (D:\express\generalProgram\bin\www:7:11)
2019-04-17 14:27 +08:00:     at Module._compile (internal/modules/cjs/loader.js:738:30)
2019-04-17 14:27 +08:00:     at Object.Module._extensions..js (internal/modules/cjs/loader.js:749:10)
2019-04-17 14:27 +08:00:   code: 'EADDRINUSE',
2019-04-17 14:27 +08:00:   errno: 'EADDRINUSE',
2019-04-17 14:27 +08:00:   syscall: 'listen',
2019-04-17 14:27 +08:00:   address: '::',
2019-04-17 14:27 +08:00:   port: 443 }
2019-04-17 14:27 +08:00: { Error: listen EADDRINUSE: address already in use :::443
2019-04-17 14:27 +08:00:     at Server.setupListenHandle (net.js:1256:14)
2019-04-17 14:27 +08:00:     at Server._listen2 (C:\Users\HJP\AppData\Roaming\npm\node_modules\pm2\node_modules\async-listener\index.js:97:23)
2019-04-17 14:27 +08:00:     at listenInCluster (net.js:1304:12)
2019-04-17 14:27 +08:00:     at Server.listen (net.js:1392:7)
2019-04-17 14:27 +08:00:     at Object.<anonymous> (D:\express\generalProgram\app.js:28:38)
2019-04-17 14:27 +08:00:     at Module._compile (internal/modules/cjs/loader.js:738:30)
2019-04-17 14:27 +08:00:     at Object.Module._extensions..js (internal/modules/cjs/loader.js:749:10)
2019-04-17 14:27 +08:00:     at Module.load (internal/modules/cjs/loader.js:630:32)
2019-04-17 14:27 +08:00:     at tryModuleLoad (internal/modules/cjs/loader.js:570:12)
2019-04-17 14:27 +08:00:     at Function.Module._load (internal/modules/cjs/loader.js:562:3)
2019-04-17 14:27 +08:00:     at Function._load (C:\Users\HJP\AppData\Roaming\npm\node_modules\pm2\node_modules\@pm2\io\build\main\metrics\httpMetrics.js:172:43)
2019-04-17 14:27 +08:00:     at Module.require (internal/modules/cjs/loader.js:667:17)
2019-04-17 14:27 +08:00:     at require (internal/modules/cjs/helpers.js:20:18)
2019-04-17 14:27 +08:00:     at Object.<anonymous> (D:\express\generalProgram\bin\www:7:11)
2019-04-17 14:27 +08:00:     at Module._compile (internal/modules/cjs/loader.js:738:30)
2019-04-17 14:27 +08:00:     at Object.Module._extensions..js (internal/modules/cjs/loader.js:749:10)
2019-04-17 14:27 +08:00:   code: 'EADDRINUSE',
2019-04-17 14:27 +08:00:   errno: 'EADDRINUSE',
2019-04-17 14:27 +08:00:   syscall: 'listen',
2019-04-17 14:27 +08:00:   address: '::',
2019-04-17 14:27 +08:00:   port: 443 }
